<?xml version="1.0" encoding="UTF-8"?>
<testsuite xmlns:xsi="http://www.w3.org/2001/XMLSchema-instance" xsi:noNamespaceSchemaLocation="https://maven.apache.org/surefire/maven-surefire-plugin/xsd/surefire-test-report-3.0.xsd" version="3.0" name="com.example.core.CoinChangeCalculatorTest" time="0.025" tests="8" errors="0" skipped="0" failures="0">
  <properties>
[...]
</properties>
  <testcase name="testInvalidDenomination" classname="com.example.core.CoinChangeCalculatorTest" time="0.008"/>
  <testcase name="testExample1" classname="com.example.core.CoinChangeCalculatorTest" time="0.001"/>
  <testcase name="testExample2" classname="com.example.core.CoinChangeCalculatorTest" time="0.001"/>
  <testcase name="testBoundaryAmounts" classname="com.example.core.CoinChangeCalculatorTest" time="0.001"/>
  <testcase name="testInvalidAmount" classname="com.example.core.CoinChangeCalculatorTest" time="0.0"/>
  <testcase name="testEmptyDenominations" classname="com.example.core.CoinChangeCalculatorTest" time="0.001"/>
  <testcase name="testImpossibleAmount" classname="com.example.core.CoinChangeCalculatorTest" time="0.0"/>
  <testcase name="testAllSmallestDenominations" classname="com.example.core.CoinChangeCalculatorTest" time="0.0"/>
</testsuite>